Arguments: 
  /usr/local/bin/node /usr/local/bin/yarn add babel-loader

PATH: 
  ~/Library/Android/sdk/tools:~/Library/Android/sdk/platform-tools:/usr/local/bin:/usr/bin:/bin:/usr/sbin:/sbin:/opt/X11/bin

Yarn version: 
  0.16.1

Node version: 
  4.2.0

Platform: 
  darwin x64

npm manifest: 
  {
    "name": "hole",
    "version": "1.0.0",
    "description": "just a ghostblog theme",
    "main": "index.js",
    "scripts": {
      "test": "echo \"Error: no test specified\" && exit 1"
    },
    "author": "beilunyang",
    "license": "MIT",
    "devDependencies": {
      "autoprefixer": "^6.3.3",
      "css-loader": "^0.23.1",
      "extract-text-webpack-plugin": "^1.0.1",
      "file-loader": "^0.8.5",
      "node-sass": "^3.4.2",
      "postcss-loader": "^0.8.2",
      "sass-loader": "^3.1.2",
      "style-loader": "^0.13.0",
      "url-loader": "^0.5.7",
      "vue": "^1.0.16",
      "vue-loader": "^8.1.4",
      "vue-router": "^0.7.11",
      "webpack": "^1.12.13"
    }
  }

yarn manifest: 
  No manifest

bower manifest: 
  No manifest

Lockfile: 
  No lockfile

Trace: 
  Error: ENOENT: no such file or directory, open '/Users/beilunyang/Code/Ghost-0.7.4-zh-full/content/themes/hole/node_modules/cliui/node_modules/wordwrap/.npmignore'
      at Error (native)
